<?xml version="1.0" encoding="UTF-8"?>
<!-- Generated by org.testng.reporters.JUnitReportReporter -->
<testsuite skipped="0" hostname="WINCTRL-T7I86OQ" name="BasicAnnotations.TestingClass2" tests="4" failures="0" timestamp="2019-10-11T20:48:03 IST" time="0.024" errors="0">
  <testcase name="testCase1" time="0.000" classname="BasicAnnotations.TestingClass2"/>
  <testcase name="testCase2" time="0.000" classname="BasicAnnotations.TestingClass2"/>
  <testcase name="testCase2" time="0.000" classname="BasicAnnotations.TestingClass2"/>
  <testcase name="testCase1" time="0.024" classname="BasicAnnotations.TestingClass2"/>
</testsuite> <!-- BasicAnnotations.TestingClass2 -->
