<?xml version="1.0" encoding="UTF-8"?>
<!-- Generated by org.testng.reporters.JUnitReportReporter -->
<testsuite skipped="0" hostname="DESKTOP-KG06VOA" name="BasicAnnotations.TestingClass2" tests="4" failures="0" timestamp="2019-10-16T20:40:58 IST" time="0.033" errors="0">
  <testcase name="testCase2" time="0.004" classname="BasicAnnotations.TestingClass2"/>
  <testcase name="testCase1" time="0.015" classname="BasicAnnotations.TestingClass2"/>
  <testcase name="testCase2" time="0.007" classname="BasicAnnotations.TestingClass2"/>
  <testcase name="testCase1" time="0.007" classname="BasicAnnotations.TestingClass2"/>
</testsuite> <!-- BasicAnnotations.TestingClass2 -->
