<?xml version="1.0" encoding="UTF-8"?>
<!-- Generated by org.testng.reporters.JUnitReportReporter -->
<testsuite skipped="0" hostname="WINCTRL-T7I86OQ" name="dataProvider.TestDataProvider1" tests="3" failures="0" timestamp="2019-10-11T21:09:39 IST" time="0.031" errors="0">
  <testcase name="login" time="0.000" classname="dataProvider.TestDataProvider1"/>
  <testcase name="login" time="0.000" classname="dataProvider.TestDataProvider1"/>
  <testcase name="login" time="0.031" classname="dataProvider.TestDataProvider1"/>
</testsuite> <!-- dataProvider.TestDataProvider1 -->
