<?xml version="1.0" encoding="UTF-8"?>
<!-- Generated by org.testng.reporters.JUnitReportReporter -->
<testsuite skipped="0" hostname="DESKTOP-KG06VOA" name="BasicAnnotations.TestNGClass1" tests="3" failures="0" timestamp="2019-10-20T23:06:36 IST" time="0.019" errors="0">
  <testcase name="test3" time="0.012" classname="BasicAnnotations.TestNGClass1"/>
  <testcase name="test1" time="0.004" classname="BasicAnnotations.TestNGClass1"/>
  <testcase name="test2" time="0.003" classname="BasicAnnotations.TestNGClass1"/>
</testsuite> <!-- BasicAnnotations.TestNGClass1 -->
