<?xml version="1.0" encoding="UTF-8"?>
<!-- Generated by org.testng.reporters.JUnitReportReporter -->
<testsuite skipped="0" hostname="WINCTRL-T7I86OQ" name="BasicAnnotations.TestNGClass1" tests="6" failures="0" timestamp="2019-10-11T20:48:03 IST" time="0.016" errors="0">
  <testcase name="test3" time="0.000" classname="BasicAnnotations.TestNGClass1"/>
  <testcase name="test3" time="0.000" classname="BasicAnnotations.TestNGClass1"/>
  <testcase name="test1" time="0.016" classname="BasicAnnotations.TestNGClass1"/>
  <testcase name="test1" time="0.000" classname="BasicAnnotations.TestNGClass1"/>
  <testcase name="test2" time="0.000" classname="BasicAnnotations.TestNGClass1"/>
  <testcase name="test2" time="0.000" classname="BasicAnnotations.TestNGClass1"/>
</testsuite> <!-- BasicAnnotations.TestNGClass1 -->
