<?xml version="1.0" encoding="UTF-8"?>
<!-- Generated by org.testng.reporters.JUnitReportReporter -->
<testsuite skipped="0" hostname="WINCTRL-T7I86OQ" name="basicSelenium.SeleniumClass1" tests="1" failures="0" timestamp="2019-10-11T21:44:23 IST" time="8.965" errors="0">
  <testcase name="login" time="8.965" classname="basicSelenium.SeleniumClass1"/>
</testsuite> <!-- basicSelenium.SeleniumClass1 -->
