<?xml version="1.0" encoding="UTF-8"?>
<!-- Generated by org.testng.reporters.JUnitReportReporter -->
<testsuite skipped="0" hostname="DESKTOP-KG06VOA" name="advancedSelenium.MouseHover" tests="1" failures="0" timestamp="2019-10-18T19:02:56 IST" time="32.293" errors="0">
  <testcase name="login" time="32.293" classname="advancedSelenium.MouseHover"/>
</testsuite> <!-- advancedSelenium.MouseHover -->
