<?xml version="1.0" encoding="UTF-8"?>
<!-- Generated by org.testng.reporters.JUnitReportReporter -->
<testsuite skipped="0" hostname="DESKTOP-KG06VOA" name="basicSelenium.SeleniumClass1" tests="1" failures="0" timestamp="2019-10-16T21:26:16 IST" time="19.109" errors="0">
  <testcase name="login" time="19.109" classname="basicSelenium.SeleniumClass1"/>
</testsuite> <!-- basicSelenium.SeleniumClass1 -->
